[ 2018-06-10T15:06:58+08:00 ] 127.0.0.1 /api/Index/racing
ERR: 无法加载控制器:Index

[ 2018-06-10T15:58:46+08:00 ] 127.0.0.1 /api/Index/get_lottery_data?type=1
ERR: 1054:Unknown column 'pe12riod' in 'field list'
 [ SQL语句 ] : SELECT `serial_number`,`pe12riod`,`analysis_data` FROM `award_plan` WHERE `award_number` = null AND `status` = null AND `type` = 1 AND `lottery_type` = 1 ORDER BY id desc LIMIT 1  
ERR: 1054:Unknown column 'pe12riod' in 'field list'
 [ SQL语句 ] : SELECT `serial_number`,`pe12riod`,`analysis_data` FROM `award_plan` WHERE `award_number` = null AND `status` = null AND `type` = 1 AND `lottery_type` = 1 ORDER BY id desc LIMIT 1  

[ 2018-06-10T18:46:31+08:00 ] 146.88.202.225 /index.php/api/Index/get_lottery_data?type=1
INFO: [ app_init ] --START--
INFO: Run Behavior\BuildLiteBehavior [ RunTime:0.000036s ]
INFO: [ app_init ] --END-- [ RunTime:0.009566s ]
INFO: [ app_begin ] --START--
INFO: Run Behavior\ReadHtmlCacheBehavior [ RunTime:0.000809s ]
INFO: [ app_begin ] --END-- [ RunTime:0.000882s ]
ERR: SQLSTATE[HY000] [1045] Access denied for user 'lottery'@'hggh06tv' (using password: YES)

[ 2018-06-10T18:46:35+08:00 ] 146.88.202.225 /index.php/api/Index/get_lottery_data?type=1
INFO: [ app_init ] --START--
INFO: Run Behavior\BuildLiteBehavior [ RunTime:0.000027s ]
INFO: [ app_init ] --END-- [ RunTime:0.005452s ]
INFO: [ app_begin ] --START--
INFO: Run Behavior\ReadHtmlCacheBehavior [ RunTime:0.004738s ]
INFO: [ app_begin ] --END-- [ RunTime:0.004900s ]
ERR: SQLSTATE[HY000] [1045] Access denied for user 'lottery'@'hggh06tv' (using password: YES)

[ 2018-06-10T18:46:44+08:00 ] 146.88.202.225 /index.php/api/Index/get_lottery_data?type=1
INFO: [ app_init ] --START--
INFO: Run Behavior\BuildLiteBehavior [ RunTime:0.000025s ]
INFO: [ app_init ] --END-- [ RunTime:0.000630s ]
INFO: [ app_begin ] --START--
INFO: Run Behavior\ReadHtmlCacheBehavior [ RunTime:0.001146s ]
INFO: [ app_begin ] --END-- [ RunTime:0.001263s ]
ERR: SQLSTATE[HY000] [1045] Access denied for user 'lottery'@'hggh06tv' (using password: YES)

[ 2018-06-10T18:50:57+08:00 ] 146.88.202.225 /index.php/api/Index/get_lottery_data?type=1
INFO: [ app_init ] --START--
INFO: Run Behavior\BuildLiteBehavior [ RunTime:0.000063s ]
INFO: [ app_init ] --END-- [ RunTime:0.000658s ]
INFO: [ app_begin ] --START--
INFO: Run Behavior\ReadHtmlCacheBehavior [ RunTime:0.001698s ]
INFO: [ app_begin ] --END-- [ RunTime:0.001824s ]

[ 2018-06-10T18:51:39+08:00 ] 146.88.202.225 /index.php/api/Index/get_lottery_data?type=1
INFO: [ app_init ] --START--
INFO: Run Behavior\BuildLiteBehavior [ RunTime:0.000025s ]
INFO: [ app_init ] --END-- [ RunTime:0.001079s ]
INFO: [ app_begin ] --START--
INFO: Run Behavior\ReadHtmlCacheBehavior [ RunTime:0.004003s ]
INFO: [ app_begin ] --END-- [ RunTime:0.004324s ]

[ 2018-06-10T18:51:54+08:00 ] 146.88.202.225 /index.php/api/Index/get_lottery_data?type=1
INFO: [ app_init ] --START--
INFO: Run Behavior\BuildLiteBehavior [ RunTime:0.000024s ]
INFO: [ app_init ] --END-- [ RunTime:0.000517s ]
INFO: [ app_begin ] --START--
INFO: Run Behavior\ReadHtmlCacheBehavior [ RunTime:0.010040s ]
INFO: [ app_begin ] --END-- [ RunTime:0.010157s ]
ERR: SQLSTATE[HY000] [1045] Access denied for user 'lottery'@'hggh06tv' (using password: YES)

[ 2018-06-10T19:01:54+08:00 ] 146.88.202.225 /index.php/api/Index/get_lottery_data?type=1
INFO: [ app_init ] --START--
INFO: Run Behavior\BuildLiteBehavior [ RunTime:0.000024s ]
INFO: [ app_init ] --END-- [ RunTime:0.000589s ]
INFO: [ app_begin ] --START--
INFO: Run Behavior\ReadHtmlCacheBehavior [ RunTime:0.000577s ]
INFO: [ app_begin ] --END-- [ RunTime:0.000801s ]
ERR: SQLSTATE[HY000] [1045] Access denied for user 'lottery'@'hggh06tv' (using password: YES)

[ 2018-06-10T19:02:04+08:00 ] 146.88.202.225 /index.php/api/Index/get_lottery_data?type=1
INFO: [ app_init ] --START--
INFO: Run Behavior\BuildLiteBehavior [ RunTime:0.000025s ]
INFO: [ app_init ] --END-- [ RunTime:0.000675s ]
INFO: [ app_begin ] --START--
INFO: Run Behavior\ReadHtmlCacheBehavior [ RunTime:0.008069s ]
INFO: [ app_begin ] --END-- [ RunTime:0.008203s ]
ERR: SQLSTATE[HY000] [1045] Access denied for user 'lottery'@'hggh06tv' (using password: YES)

[ 2018-06-10T19:02:27+08:00 ] 146.88.202.225 /index.php/api/Index/get_lottery_data?type=1
INFO: [ app_init ] --START--
INFO: Run Behavior\BuildLiteBehavior [ RunTime:0.000023s ]
INFO: [ app_init ] --END-- [ RunTime:0.000561s ]
INFO: [ app_begin ] --START--
INFO: Run Behavior\ReadHtmlCacheBehavior [ RunTime:0.000644s ]
INFO: [ app_begin ] --END-- [ RunTime:0.000774s ]
ERR: SQLSTATE[HY000] [1045] Access denied for user 'lottery'@'hggh06tv' (using password: YES)

[ 2018-06-10T19:03:15+08:00 ] 146.88.202.225 /index.php/api/Index/get_lottery_data?type=1
INFO: [ app_init ] --START--
INFO: Run Behavior\BuildLiteBehavior [ RunTime:0.000024s ]
INFO: [ app_init ] --END-- [ RunTime:0.000693s ]
INFO: [ app_begin ] --START--
INFO: Run Behavior\ReadHtmlCacheBehavior [ RunTime:0.000676s ]
INFO: [ app_begin ] --END-- [ RunTime:0.000805s ]

[ 2018-06-10T19:03:36+08:00 ] 146.88.202.225 /index.php/api/Index/get_lottery_data?type=1
INFO: [ app_init ] --START--
INFO: Run Behavior\BuildLiteBehavior [ RunTime:0.000026s ]
INFO: [ app_init ] --END-- [ RunTime:0.000564s ]
INFO: [ app_begin ] --START--
INFO: Run Behavior\ReadHtmlCacheBehavior [ RunTime:0.000891s ]
INFO: [ app_begin ] --END-- [ RunTime:0.001011s ]

[ 2018-06-10T19:03:54+08:00 ] 146.88.202.225 /index.php/api/Index/get_lottery_data?type=1
INFO: [ app_init ] --START--
INFO: Run Behavior\BuildLiteBehavior [ RunTime:0.000027s ]
INFO: [ app_init ] --END-- [ RunTime:0.000609s ]
INFO: [ app_begin ] --START--
INFO: Run Behavior\ReadHtmlCacheBehavior [ RunTime:0.002675s ]
INFO: [ app_begin ] --END-- [ RunTime:0.002881s ]
ERR: SQLSTATE[HY000] [1045] Access denied for user 'lottery'@'hggh06tv' (using password: YES)

[ 2018-06-10T19:04:24+08:00 ] 146.88.202.225 /index.php/api/Index/get_lottery_data?type=1
INFO: [ app_init ] --START--
INFO: Run Behavior\BuildLiteBehavior [ RunTime:0.000162s ]
INFO: [ app_init ] --END-- [ RunTime:0.001412s ]
INFO: [ app_begin ] --START--
INFO: Run Behavior\ReadHtmlCacheBehavior [ RunTime:0.000907s ]
INFO: [ app_begin ] --END-- [ RunTime:0.001081s ]
ERR: SQLSTATE[HY000] [1045] Access denied for user 'lottery'@'hggh06tv' (using password: YES)

[ 2018-06-10T19:04:33+08:00 ] 146.88.202.225 /index.php/api/Index/get_lottery_data?type=1
INFO: [ app_init ] --START--
INFO: Run Behavior\BuildLiteBehavior [ RunTime:0.000034s ]
INFO: [ app_init ] --END-- [ RunTime:0.006186s ]
INFO: [ app_begin ] --START--
INFO: Run Behavior\ReadHtmlCacheBehavior [ RunTime:0.000815s ]
INFO: [ app_begin ] --END-- [ RunTime:0.001345s ]
ERR: SQLSTATE[HY000] [1045] Access denied for user 'lottery'@'hggh06tv' (using password: YES)

[ 2018-06-10T19:05:23+08:00 ] 146.88.202.225 /index.php/api/Index/get_lottery_data?type=1
INFO: [ app_init ] --START--
INFO: Run Behavior\BuildLiteBehavior [ RunTime:0.000059s ]
INFO: [ app_init ] --END-- [ RunTime:0.000504s ]
INFO: [ app_begin ] --START--
INFO: Run Behavior\ReadHtmlCacheBehavior [ RunTime:0.000614s ]
INFO: [ app_begin ] --END-- [ RunTime:0.000683s ]
ERR: SQLSTATE[HY000] [1045] Access denied for user 'lottery'@'hggh06tv' (using password: YES)

[ 2018-06-10T19:11:49+08:00 ] 146.88.202.225 /index.php/api/Index/get_lottery_data?type=1
INFO: [ app_init ] --START--
INFO: Run Behavior\BuildLiteBehavior [ RunTime:0.000031s ]
INFO: [ app_init ] --END-- [ RunTime:0.000704s ]
INFO: [ app_begin ] --START--
INFO: Run Behavior\ReadHtmlCacheBehavior [ RunTime:0.000763s ]
INFO: [ app_begin ] --END-- [ RunTime:0.000913s ]
SQL: SHOW COLUMNS FROM `award_plan` [ RunTime:0.0034s ]

[ 2018-06-10T19:12:48+08:00 ] 146.88.202.225 /index.php/api/Index/get_lottery_data?type=1
INFO: [ app_init ] --START--
INFO: Run Behavior\BuildLiteBehavior [ RunTime:0.000036s ]
INFO: [ app_init ] --END-- [ RunTime:0.006716s ]
INFO: [ app_begin ] --START--
INFO: Run Behavior\ReadHtmlCacheBehavior [ RunTime:0.004432s ]
INFO: [ app_begin ] --END-- [ RunTime:0.004561s ]
SQL: SHOW COLUMNS FROM `award_plan` [ RunTime:0.0038s ]

[ 2018-06-10T19:13:11+08:00 ] 146.88.202.225 /index.php/api/Index/get_lottery_data?type=1
INFO: [ app_init ] --START--
INFO: Run Behavior\BuildLiteBehavior [ RunTime:0.000030s ]
INFO: [ app_init ] --END-- [ RunTime:0.006116s ]
INFO: [ app_begin ] --START--
INFO: Run Behavior\ReadHtmlCacheBehavior [ RunTime:0.000727s ]
INFO: [ app_begin ] --END-- [ RunTime:0.000796s ]
SQL: SHOW COLUMNS FROM `award_plan` [ RunTime:0.0101s ]

[ 2018-06-10T19:13:50+08:00 ] 146.88.202.225 /index.php/api/Index/get_lottery_data?type=1
INFO: [ app_init ] --START--
INFO: Run Behavior\BuildLiteBehavior [ RunTime:0.000043s ]
INFO: [ app_init ] --END-- [ RunTime:0.006799s ]
INFO: [ app_begin ] --START--
INFO: Run Behavior\ReadHtmlCacheBehavior [ RunTime:0.000767s ]
INFO: [ app_begin ] --END-- [ RunTime:0.000939s ]
SQL: SHOW COLUMNS FROM `award_plan` [ RunTime:0.0033s ]
SQL: SELECT `award_number`,`period` FROM `award_plan` WHERE `award_number` <> '' AND `status` <> '' AND `type` = '1' AND `lottery_type` = 1 ORDER BY id desc LIMIT 1   [ RunTime:0.0011s ]
SQL: SELECT `serial_number`,`period`,`analysis_data` FROM `award_plan` WHERE `type` = '1' AND `lottery_type` = 1 ORDER BY id desc LIMIT 1   [ RunTime:0.0007s ]
SQL: SELECT * FROM `award_plan` WHERE `award_number` <> '' AND `type` = '1' AND `lottery_type` = 1 AND `add_time` <= 1528646399 ORDER BY id desc  [ RunTime:0.0026s ]
INFO: [ app_end ] --START--
INFO: Run Behavior\ShowPageTraceBehavior [ RunTime:0.002873s ]
INFO: [ app_end ] --END-- [ RunTime:0.003033s ]

[ 2018-06-10T19:13:55+08:00 ] 146.88.202.225 /index.php/api/Index/get_lottery_data?type=1
INFO: [ app_init ] --START--
INFO: Run Behavior\BuildLiteBehavior [ RunTime:0.000025s ]
INFO: [ app_init ] --END-- [ RunTime:0.000840s ]
INFO: [ app_begin ] --START--
INFO: Run Behavior\ReadHtmlCacheBehavior [ RunTime:0.000691s ]
INFO: [ app_begin ] --END-- [ RunTime:0.000769s ]
SQL: SHOW COLUMNS FROM `award_plan` [ RunTime:0.0031s ]
SQL: SELECT `award_number`,`period` FROM `award_plan` WHERE `award_number` <> '' AND `status` <> '' AND `type` = '1' AND `lottery_type` = 1 ORDER BY id desc LIMIT 1   [ RunTime:0.0039s ]
SQL: SELECT `serial_number`,`period`,`analysis_data` FROM `award_plan` WHERE `type` = '1' AND `lottery_type` = 1 ORDER BY id desc LIMIT 1   [ RunTime:0.0007s ]
SQL: SELECT * FROM `award_plan` WHERE `award_number` <> '' AND `type` = '1' AND `lottery_type` = 1 AND `add_time` <= 1528646399 ORDER BY id desc  [ RunTime:0.0029s ]
INFO: [ app_end ] --START--
INFO: Run Behavior\ShowPageTraceBehavior [ RunTime:0.002259s ]
INFO: [ app_end ] --END-- [ RunTime:0.003163s ]

[ 2018-06-10T19:13:57+08:00 ] 146.88.202.225 /index.php/api/Index/get_lottery_data?type=1
INFO: [ app_init ] --START--
INFO: Run Behavior\BuildLiteBehavior [ RunTime:0.000025s ]
INFO: [ app_init ] --END-- [ RunTime:0.000605s ]
INFO: [ app_begin ] --START--
INFO: Run Behavior\ReadHtmlCacheBehavior [ RunTime:0.000987s ]
INFO: [ app_begin ] --END-- [ RunTime:0.001080s ]
SQL: SHOW COLUMNS FROM `award_plan` [ RunTime:0.0036s ]
SQL: SELECT `award_number`,`period` FROM `award_plan` WHERE `award_number` <> '' AND `status` <> '' AND `type` = '1' AND `lottery_type` = 1 ORDER BY id desc LIMIT 1   [ RunTime:0.0003s ]
SQL: SELECT `serial_number`,`period`,`analysis_data` FROM `award_plan` WHERE `type` = '1' AND `lottery_type` = 1 ORDER BY id desc LIMIT 1   [ RunTime:0.0003s ]
SQL: SELECT * FROM `award_plan` WHERE `award_number` <> '' AND `type` = '1' AND `lottery_type` = 1 AND `add_time` <= 1528646399 ORDER BY id desc  [ RunTime:0.0006s ]
INFO: [ app_end ] --START--
INFO: Run Behavior\ShowPageTraceBehavior [ RunTime:0.003175s ]
INFO: [ app_end ] --END-- [ RunTime:0.003313s ]

[ 2018-06-10T19:13:58+08:00 ] 146.88.202.225 /index.php/api/Index/get_lottery_data?type=1
INFO: [ app_init ] --START--
INFO: Run Behavior\BuildLiteBehavior [ RunTime:0.000031s ]
INFO: [ app_init ] --END-- [ RunTime:0.000830s ]
INFO: [ app_begin ] --START--
INFO: Run Behavior\ReadHtmlCacheBehavior [ RunTime:0.000741s ]
INFO: [ app_begin ] --END-- [ RunTime:0.000861s ]
SQL: SHOW COLUMNS FROM `award_plan` [ RunTime:0.0011s ]
SQL: SELECT `award_number`,`period` FROM `award_plan` WHERE `award_number` <> '' AND `status` <> '' AND `type` = '1' AND `lottery_type` = 1 ORDER BY id desc LIMIT 1   [ RunTime:0.0003s ]
SQL: SELECT `serial_number`,`period`,`analysis_data` FROM `award_plan` WHERE `type` = '1' AND `lottery_type` = 1 ORDER BY id desc LIMIT 1   [ RunTime:0.0002s ]
SQL: SELECT * FROM `award_plan` WHERE `award_number` <> '' AND `type` = '1' AND `lottery_type` = 1 AND `add_time` <= 1528646399 ORDER BY id desc  [ RunTime:0.0004s ]
INFO: [ app_end ] --START--
INFO: Run Behavior\ShowPageTraceBehavior [ RunTime:0.001194s ]
INFO: [ app_end ] --END-- [ RunTime:0.001339s ]

[ 2018-06-10T19:14:00+08:00 ] 146.88.202.225 /index.php/api/Index/get_lottery_data?type=1
INFO: [ app_init ] --START--
INFO: Run Behavior\BuildLiteBehavior [ RunTime:0.000025s ]
INFO: [ app_init ] --END-- [ RunTime:0.000670s ]
INFO: [ app_begin ] --START--
INFO: Run Behavior\ReadHtmlCacheBehavior [ RunTime:0.014907s ]
INFO: [ app_begin ] --END-- [ RunTime:0.015017s ]
SQL: SHOW COLUMNS FROM `award_plan` [ RunTime:0.0063s ]
SQL: SELECT `award_number`,`period` FROM `award_plan` WHERE `award_number` <> '' AND `status` <> '' AND `type` = '1' AND `lottery_type` = 1 ORDER BY id desc LIMIT 1   [ RunTime:0.0003s ]
SQL: SELECT `serial_number`,`period`,`analysis_data` FROM `award_plan` WHERE `type` = '1' AND `lottery_type` = 1 ORDER BY id desc LIMIT 1   [ RunTime:0.0002s ]
SQL: SELECT * FROM `award_plan` WHERE `award_number` <> '' AND `type` = '1' AND `lottery_type` = 1 AND `add_time` <= 1528646399 ORDER BY id desc  [ RunTime:0.0039s ]
INFO: [ app_end ] --START--
INFO: Run Behavior\ShowPageTraceBehavior [ RunTime:0.001394s ]
INFO: [ app_end ] --END-- [ RunTime:0.001561s ]

[ 2018-06-10T19:14:01+08:00 ] 146.88.202.225 /index.php/api/Index/get_lottery_data?type=1
INFO: [ app_init ] --START--
INFO: Run Behavior\BuildLiteBehavior [ RunTime:0.000109s ]
INFO: [ app_init ] --END-- [ RunTime:0.002362s ]
INFO: [ app_begin ] --START--
INFO: Run Behavior\ReadHtmlCacheBehavior [ RunTime:0.012938s ]
INFO: [ app_begin ] --END-- [ RunTime:0.013055s ]
SQL: SHOW COLUMNS FROM `award_plan` [ RunTime:0.0038s ]
SQL: SELECT `award_number`,`period` FROM `award_plan` WHERE `award_number` <> '' AND `status` <> '' AND `type` = '1' AND `lottery_type` = 1 ORDER BY id desc LIMIT 1   [ RunTime:0.0006s ]
SQL: SELECT `serial_number`,`period`,`analysis_data` FROM `award_plan` WHERE `type` = '1' AND `lottery_type` = 1 ORDER BY id desc LIMIT 1   [ RunTime:0.0018s ]
SQL: SELECT * FROM `award_plan` WHERE `award_number` <> '' AND `type` = '1' AND `lottery_type` = 1 AND `add_time` <= 1528646399 ORDER BY id desc  [ RunTime:0.0005s ]
INFO: [ app_end ] --START--
INFO: Run Behavior\ShowPageTraceBehavior [ RunTime:0.001082s ]
INFO: [ app_end ] --END-- [ RunTime:0.001182s ]

[ 2018-06-10T19:14:02+08:00 ] 146.88.202.225 /index.php/api/Index/get_lottery_data?type=1
INFO: [ app_init ] --START--
INFO: Run Behavior\BuildLiteBehavior [ RunTime:0.000033s ]
INFO: [ app_init ] --END-- [ RunTime:0.001245s ]
INFO: [ app_begin ] --START--
INFO: Run Behavior\ReadHtmlCacheBehavior [ RunTime:0.009817s ]
INFO: [ app_begin ] --END-- [ RunTime:0.010355s ]
SQL: SHOW COLUMNS FROM `award_plan` [ RunTime:0.0044s ]
SQL: SELECT `award_number`,`period` FROM `award_plan` WHERE `award_number` <> '' AND `status` <> '' AND `type` = '1' AND `lottery_type` = 1 ORDER BY id desc LIMIT 1   [ RunTime:0.0003s ]
SQL: SELECT `serial_number`,`period`,`analysis_data` FROM `award_plan` WHERE `type` = '1' AND `lottery_type` = 1 ORDER BY id desc LIMIT 1   [ RunTime:0.0002s ]
SQL: SELECT * FROM `award_plan` WHERE `award_number` <> '' AND `type` = '1' AND `lottery_type` = 1 AND `add_time` <= 1528646399 ORDER BY id desc  [ RunTime:0.0035s ]
INFO: [ app_end ] --START--
INFO: Run Behavior\ShowPageTraceBehavior [ RunTime:0.004353s ]
INFO: [ app_end ] --END-- [ RunTime:0.005390s ]

[ 2018-06-10T19:14:05+08:00 ] 146.88.202.225 /index.php/api/Index/get_lottery_data?type=1
INFO: [ app_init ] --START--
INFO: Run Behavior\BuildLiteBehavior [ RunTime:0.000028s ]
INFO: [ app_init ] --END-- [ RunTime:0.000619s ]
INFO: [ app_begin ] --START--
INFO: Run Behavior\ReadHtmlCacheBehavior [ RunTime:0.002439s ]
INFO: [ app_begin ] --END-- [ RunTime:0.002547s ]
SQL: SHOW COLUMNS FROM `award_plan` [ RunTime:0.0071s ]
SQL: SELECT `award_number`,`period` FROM `award_plan` WHERE `award_number` <> '' AND `status` <> '' AND `type` = '1' AND `lottery_type` = 1 ORDER BY id desc LIMIT 1   [ RunTime:0.0003s ]
SQL: SELECT `serial_number`,`period`,`analysis_data` FROM `award_plan` WHERE `type` = '1' AND `lottery_type` = 1 ORDER BY id desc LIMIT 1   [ RunTime:0.0002s ]
SQL: SELECT * FROM `award_plan` WHERE `award_number` <> '' AND `type` = '1' AND `lottery_type` = 1 AND `add_time` <= 1528646399 ORDER BY id desc  [ RunTime:0.0057s ]
INFO: [ app_end ] --START--
INFO: Run Behavior\ShowPageTraceBehavior [ RunTime:0.011004s ]
INFO: [ app_end ] --END-- [ RunTime:0.011286s ]

[ 2018-06-10T19:35:56+08:00 ] 146.88.202.225 /index.php/api/Index/get_lottery_data?type=1
INFO: [ app_init ] --START--
INFO: Run Behavior\BuildLiteBehavior [ RunTime:0.000023s ]
INFO: [ app_init ] --END-- [ RunTime:0.000656s ]
INFO: [ app_begin ] --START--
INFO: Run Behavior\ReadHtmlCacheBehavior [ RunTime:0.001447s ]
INFO: [ app_begin ] --END-- [ RunTime:0.001564s ]
SQL: SHOW COLUMNS FROM `award_plan` [ RunTime:0.0016s ]

[ 2018-06-10T19:36:12+08:00 ] 146.88.202.225 /index.php/api/Index/get_lottery_data?type=1
INFO: [ app_init ] --START--
INFO: Run Behavior\BuildLiteBehavior [ RunTime:0.000026s ]
INFO: [ app_init ] --END-- [ RunTime:0.000707s ]
INFO: [ app_begin ] --START--
INFO: Run Behavior\ReadHtmlCacheBehavior [ RunTime:0.001176s ]
INFO: [ app_begin ] --END-- [ RunTime:0.001543s ]
SQL: SHOW COLUMNS FROM `award_plan` [ RunTime:0.0024s ]

[ 2018-06-10T19:36:51+08:00 ] 146.88.202.225 /index.php/api/Index/get_lottery_data?type=1
INFO: [ app_init ] --START--
INFO: Run Behavior\BuildLiteBehavior [ RunTime:0.000024s ]
INFO: [ app_init ] --END-- [ RunTime:0.000631s ]
INFO: [ app_begin ] --START--
INFO: Run Behavior\ReadHtmlCacheBehavior [ RunTime:0.000807s ]
INFO: [ app_begin ] --END-- [ RunTime:0.000973s ]
SQL: SHOW COLUMNS FROM `award_plan` [ RunTime:0.0014s ]
SQL: SELECT `award_number`,`period` FROM `award_plan` WHERE `award_number` <> '' AND `status` <> '' AND `type` = '1' AND `lottery_type` = 1 ORDER BY id desc LIMIT 1   [ RunTime:0.0056s ]
SQL: SELECT `serial_number`,`period`,`analysis_data` FROM `award_plan` WHERE `type` = '1' AND `lottery_type` = 1 ORDER BY id desc LIMIT 1   [ RunTime:0.0005s ]
SQL: SELECT * FROM `award_plan` WHERE `award_number` <> '' AND `type` = '1' AND `lottery_type` = 1 AND `add_time` <= 1528646399 ORDER BY id desc  [ RunTime:0.0006s ]
INFO: [ app_end ] --START--
INFO: Run Behavior\ShowPageTraceBehavior [ RunTime:0.001408s ]
INFO: [ app_end ] --END-- [ RunTime:0.001497s ]

[ 2018-06-10T19:36:59+08:00 ] 146.88.202.225 /index.php/api/Index/get_lottery_data?type=2
INFO: [ app_init ] --START--
INFO: Run Behavior\BuildLiteBehavior [ RunTime:0.000045s ]
INFO: [ app_init ] --END-- [ RunTime:0.001323s ]
INFO: [ app_begin ] --START--
INFO: Run Behavior\ReadHtmlCacheBehavior [ RunTime:0.000849s ]
INFO: [ app_begin ] --END-- [ RunTime:0.000946s ]
SQL: SHOW COLUMNS FROM `award_plan` [ RunTime:0.0013s ]
SQL: SELECT `award_number`,`period` FROM `award_plan` WHERE `award_number` <> '' AND `status` <> '' AND `type` = '2' AND `lottery_type` = 1 ORDER BY id desc LIMIT 1   [ RunTime:0.0005s ]
SQL: SELECT `serial_number`,`period`,`analysis_data` FROM `award_plan` WHERE `type` = '2' AND `lottery_type` = 1 ORDER BY id desc LIMIT 1   [ RunTime:0.0004s ]
SQL: SELECT * FROM `award_plan` WHERE `award_number` <> '' AND `type` = '2' AND `lottery_type` = 1 AND `add_time` <= 1528646399 ORDER BY id desc  [ RunTime:0.0071s ]
INFO: [ app_end ] --START--
INFO: Run Behavior\ShowPageTraceBehavior [ RunTime:0.000850s ]
INFO: [ app_end ] --END-- [ RunTime:0.000917s ]

[ 2018-06-10T19:37:02+08:00 ] 146.88.202.225 /index.php/api/Index/get_lottery_data?type=3
INFO: [ app_init ] --START--
INFO: Run Behavior\BuildLiteBehavior [ RunTime:0.000032s ]
INFO: [ app_init ] --END-- [ RunTime:0.001606s ]
INFO: [ app_begin ] --START--
INFO: Run Behavior\ReadHtmlCacheBehavior [ RunTime:0.000824s ]
INFO: [ app_begin ] --END-- [ RunTime:0.000988s ]
SQL: SHOW COLUMNS FROM `award_plan` [ RunTime:0.0012s ]
SQL: SELECT `award_number`,`period` FROM `award_plan` WHERE `award_number` <> '' AND `status` <> '' AND `type` = '3' AND `lottery_type` = 1 ORDER BY id desc LIMIT 1   [ RunTime:0.0025s ]
SQL: SELECT `serial_number`,`period`,`analysis_data` FROM `award_plan` WHERE `type` = '3' AND `lottery_type` = 1 ORDER BY id desc LIMIT 1   [ RunTime:0.0035s ]
SQL: SELECT * FROM `award_plan` WHERE `award_number` <> '' AND `type` = '3' AND `lottery_type` = 1 AND `add_time` <= 1528646399 ORDER BY id desc  [ RunTime:0.0039s ]
INFO: [ app_end ] --START--
INFO: Run Behavior\ShowPageTraceBehavior [ RunTime:0.001485s ]
INFO: [ app_end ] --END-- [ RunTime:0.001586s ]

[ 2018-06-10T19:37:05+08:00 ] 146.88.202.225 /index.php/api/Index/get_lottery_data?type=1
INFO: [ app_init ] --START--
INFO: Run Behavior\BuildLiteBehavior [ RunTime:0.000031s ]
INFO: [ app_init ] --END-- [ RunTime:0.000930s ]
INFO: [ app_begin ] --START--
INFO: Run Behavior\ReadHtmlCacheBehavior [ RunTime:0.001166s ]
INFO: [ app_begin ] --END-- [ RunTime:0.001427s ]
SQL: SHOW COLUMNS FROM `award_plan` [ RunTime:0.0021s ]
SQL: SELECT `award_number`,`period` FROM `award_plan` WHERE `award_number` <> '' AND `status` <> '' AND `type` = '1' AND `lottery_type` = 1 ORDER BY id desc LIMIT 1   [ RunTime:0.0044s ]
SQL: SELECT `serial_number`,`period`,`analysis_data` FROM `award_plan` WHERE `type` = '1' AND `lottery_type` = 1 ORDER BY id desc LIMIT 1   [ RunTime:0.0002s ]
SQL: SELECT * FROM `award_plan` WHERE `award_number` <> '' AND `type` = '1' AND `lottery_type` = 1 AND `add_time` <= 1528646399 ORDER BY id desc  [ RunTime:0.0004s ]
INFO: [ app_end ] --START--
INFO: Run Behavior\ShowPageTraceBehavior [ RunTime:0.016131s ]
INFO: [ app_end ] --END-- [ RunTime:0.016291s ]

[ 2018-06-10T20:10:16+08:00 ] 146.88.202.225 /index.php/api/Index/get_lottery_data?type=1
INFO: [ app_init ] --START--
INFO: Run Behavior\BuildLiteBehavior [ RunTime:0.000035s ]
INFO: [ app_init ] --END-- [ RunTime:0.006593s ]
INFO: [ app_begin ] --START--
INFO: Run Behavior\ReadHtmlCacheBehavior [ RunTime:0.000698s ]
INFO: [ app_begin ] --END-- [ RunTime:0.000995s ]
SQL: SHOW COLUMNS FROM `award_plan` [ RunTime:0.0020s ]
SQL: SELECT `award_number`,`period` FROM `award_plan` WHERE `award_number` <> '' AND `status` <> '' AND `type` = '1' AND `lottery_type` = 1 ORDER BY id desc LIMIT 1   [ RunTime:0.0009s ]
SQL: SELECT `serial_number`,`period`,`analysis_data` FROM `award_plan` WHERE `type` = '1' AND `lottery_type` = 1 ORDER BY id desc LIMIT 1   [ RunTime:0.0002s ]
SQL: SELECT * FROM `award_plan` WHERE `award_number` <> '' AND `type` = '1' AND `lottery_type` = 1 AND `add_time` <= 1528646399 ORDER BY id desc  [ RunTime:0.0005s ]
INFO: [ app_end ] --START--
INFO: Run Behavior\ShowPageTraceBehavior [ RunTime:0.000866s ]
INFO: [ app_end ] --END-- [ RunTime:0.001203s ]

[ 2018-06-10T20:10:18+08:00 ] 146.88.202.225 /index.php/api/Index/get_lottery_data?type=1
INFO: [ app_init ] --START--
INFO: Run Behavior\BuildLiteBehavior [ RunTime:0.002129s ]
INFO: [ app_init ] --END-- [ RunTime:0.004849s ]
INFO: [ app_begin ] --START--
INFO: Run Behavior\ReadHtmlCacheBehavior [ RunTime:0.000661s ]
INFO: [ app_begin ] --END-- [ RunTime:0.000802s ]
SQL: SHOW COLUMNS FROM `award_plan` [ RunTime:0.0015s ]
SQL: SELECT `award_number`,`period` FROM `award_plan` WHERE `award_number` <> '' AND `status` <> '' AND `type` = '1' AND `lottery_type` = 1 ORDER BY id desc LIMIT 1   [ RunTime:0.0003s ]
SQL: SELECT `serial_number`,`period`,`analysis_data` FROM `award_plan` WHERE `type` = '1' AND `lottery_type` = 1 ORDER BY id desc LIMIT 1   [ RunTime:0.0036s ]
SQL: SELECT * FROM `award_plan` WHERE `award_number` <> '' AND `type` = '1' AND `lottery_type` = 1 AND `add_time` <= 1528646399 ORDER BY id desc  [ RunTime:0.0007s ]
INFO: [ app_end ] --START--
INFO: Run Behavior\ShowPageTraceBehavior [ RunTime:0.000897s ]
INFO: [ app_end ] --END-- [ RunTime:0.001057s ]

[ 2018-06-10T20:10:20+08:00 ] 146.88.202.225 /index.php/api/Index/get_lottery_data?type=2
INFO: [ app_init ] --START--
INFO: Run Behavior\BuildLiteBehavior [ RunTime:0.000026s ]
INFO: [ app_init ] --END-- [ RunTime:0.000632s ]
INFO: [ app_begin ] --START--
INFO: Run Behavior\ReadHtmlCacheBehavior [ RunTime:0.011694s ]
INFO: [ app_begin ] --END-- [ RunTime:0.011846s ]
SQL: SHOW COLUMNS FROM `award_plan` [ RunTime:0.0011s ]
SQL: SELECT `award_number`,`period` FROM `award_plan` WHERE `award_number` <> '' AND `status` <> '' AND `type` = '2' AND `lottery_type` = 1 ORDER BY id desc LIMIT 1   [ RunTime:0.0002s ]
SQL: SELECT `serial_number`,`period`,`analysis_data` FROM `award_plan` WHERE `type` = '2' AND `lottery_type` = 1 ORDER BY id desc LIMIT 1   [ RunTime:0.0027s ]
SQL: SELECT * FROM `award_plan` WHERE `award_number` <> '' AND `type` = '2' AND `lottery_type` = 1 AND `add_time` <= 1528646399 ORDER BY id desc  [ RunTime:0.0004s ]
INFO: [ app_end ] --START--
INFO: Run Behavior\ShowPageTraceBehavior [ RunTime:0.001058s ]
INFO: [ app_end ] --END-- [ RunTime:0.001127s ]

[ 2018-06-10T20:10:21+08:00 ] 146.88.202.225 /index.php/api/Index/get_lottery_data?type=3
INFO: [ app_init ] --START--
INFO: Run Behavior\BuildLiteBehavior [ RunTime:0.000025s ]
INFO: [ app_init ] --END-- [ RunTime:0.000862s ]
INFO: [ app_begin ] --START--
INFO: Run Behavior\ReadHtmlCacheBehavior [ RunTime:0.001360s ]
INFO: [ app_begin ] --END-- [ RunTime:0.001484s ]
SQL: SHOW COLUMNS FROM `award_plan` [ RunTime:0.0068s ]
SQL: SELECT `award_number`,`period` FROM `award_plan` WHERE `award_number` <> '' AND `status` <> '' AND `type` = '3' AND `lottery_type` = 1 ORDER BY id desc LIMIT 1   [ RunTime:0.0004s ]
SQL: SELECT `serial_number`,`period`,`analysis_data` FROM `award_plan` WHERE `type` = '3' AND `lottery_type` = 1 ORDER BY id desc LIMIT 1   [ RunTime:0.0003s ]
SQL: SELECT * FROM `award_plan` WHERE `award_number` <> '' AND `type` = '3' AND `lottery_type` = 1 AND `add_time` <= 1528646399 ORDER BY id desc  [ RunTime:0.0003s ]
INFO: [ app_end ] --START--
INFO: Run Behavior\ShowPageTraceBehavior [ RunTime:0.000776s ]
INFO: [ app_end ] --END-- [ RunTime:0.000850s ]

[ 2018-06-10T20:10:23+08:00 ] 146.88.202.225 /index.php/api/Index/get_lottery_data?type=4
INFO: [ app_init ] --START--
INFO: Run Behavior\BuildLiteBehavior [ RunTime:0.000029s ]
INFO: [ app_init ] --END-- [ RunTime:0.000670s ]
INFO: [ app_begin ] --START--
INFO: Run Behavior\ReadHtmlCacheBehavior [ RunTime:0.000898s ]
INFO: [ app_begin ] --END-- [ RunTime:0.001224s ]
SQL: SHOW COLUMNS FROM `award_plan` [ RunTime:0.0046s ]
SQL: SELECT `award_number`,`period` FROM `award_plan` WHERE `award_number` <> '' AND `status` <> '' AND `type` = '4' AND `lottery_type` = 1 ORDER BY id desc LIMIT 1   [ RunTime:0.0009s ]
SQL: SELECT `serial_number`,`period`,`analysis_data` FROM `award_plan` WHERE `type` = '4' AND `lottery_type` = 1 ORDER BY id desc LIMIT 1   [ RunTime:0.0004s ]
SQL: SELECT * FROM `award_plan` WHERE `award_number` <> '' AND `type` = '4' AND `lottery_type` = 1 AND `add_time` <= 1528646399 ORDER BY id desc  [ RunTime:0.0012s ]
INFO: [ app_end ] --START--
INFO: Run Behavior\ShowPageTraceBehavior [ RunTime:0.002182s ]
INFO: [ app_end ] --END-- [ RunTime:0.002913s ]

[ 2018-06-10T20:10:23+08:00 ] 146.88.202.225 /index.php/api/Index/get_lottery_data?type=5
INFO: [ app_init ] --START--
INFO: Run Behavior\BuildLiteBehavior [ RunTime:0.000073s ]
INFO: [ app_init ] --END-- [ RunTime:0.000630s ]
INFO: [ app_begin ] --START--
INFO: Run Behavior\ReadHtmlCacheBehavior [ RunTime:0.004983s ]
INFO: [ app_begin ] --END-- [ RunTime:0.005145s ]
SQL: SHOW COLUMNS FROM `award_plan` [ RunTime:0.0023s ]
SQL: SELECT `award_number`,`period` FROM `award_plan` WHERE `award_number` <> '' AND `status` <> '' AND `type` = 1 AND `lottery_type` = 2 ORDER BY id desc LIMIT 1   [ RunTime:0.0105s ]
SQL: SELECT `serial_number`,`period`,`analysis_data` FROM `award_plan` WHERE `type` = 1 AND `lottery_type` = 2 ORDER BY id desc LIMIT 1   [ RunTime:0.0041s ]
SQL: SELECT * FROM `award_plan` WHERE `award_number` <> '' AND `type` = 1 AND `lottery_type` = 2 AND `add_time` <= 1528646399 ORDER BY id desc  [ RunTime:0.0008s ]
INFO: [ app_end ] --START--
INFO: Run Behavior\ShowPageTraceBehavior [ RunTime:0.013411s ]
INFO: [ app_end ] --END-- [ RunTime:0.013568s ]

[ 2018-06-10T20:10:25+08:00 ] 146.88.202.225 /index.php/api/Index/get_lottery_data?type=5
INFO: [ app_init ] --START--
INFO: Run Behavior\BuildLiteBehavior [ RunTime:0.000031s ]
INFO: [ app_init ] --END-- [ RunTime:0.003079s ]
INFO: [ app_begin ] --START--
INFO: Run Behavior\ReadHtmlCacheBehavior [ RunTime:0.006931s ]
INFO: [ app_begin ] --END-- [ RunTime:0.007050s ]
SQL: SHOW COLUMNS FROM `award_plan` [ RunTime:0.0065s ]
SQL: SELECT `award_number`,`period` FROM `award_plan` WHERE `award_number` <> '' AND `status` <> '' AND `type` = 1 AND `lottery_type` = 2 ORDER BY id desc LIMIT 1   [ RunTime:0.0002s ]
SQL: SELECT `serial_number`,`period`,`analysis_data` FROM `award_plan` WHERE `type` = 1 AND `lottery_type` = 2 ORDER BY id desc LIMIT 1   [ RunTime:0.0008s ]
SQL: SELECT * FROM `award_plan` WHERE `award_number` <> '' AND `type` = 1 AND `lottery_type` = 2 AND `add_time` <= 1528646399 ORDER BY id desc  [ RunTime:0.0004s ]
INFO: [ app_end ] --START--
INFO: Run Behavior\ShowPageTraceBehavior [ RunTime:0.001702s ]
INFO: [ app_end ] --END-- [ RunTime:0.001875s ]

[ 2018-06-10T20:10:27+08:00 ] 146.88.202.225 /index.php/api/Index/get_lottery_data?type=4
INFO: [ app_init ] --START--
INFO: Run Behavior\BuildLiteBehavior [ RunTime:0.000064s ]
INFO: [ app_init ] --END-- [ RunTime:0.000624s ]
INFO: [ app_begin ] --START--
INFO: Run Behavior\ReadHtmlCacheBehavior [ RunTime:0.000899s ]
INFO: [ app_begin ] --END-- [ RunTime:0.000997s ]
SQL: SHOW COLUMNS FROM `award_plan` [ RunTime:0.0014s ]
SQL: SELECT `award_number`,`period` FROM `award_plan` WHERE `award_number` <> '' AND `status` <> '' AND `type` = '4' AND `lottery_type` = 1 ORDER BY id desc LIMIT 1   [ RunTime:0.0039s ]
SQL: SELECT `serial_number`,`period`,`analysis_data` FROM `award_plan` WHERE `type` = '4' AND `lottery_type` = 1 ORDER BY id desc LIMIT 1   [ RunTime:0.0014s ]
SQL: SELECT * FROM `award_plan` WHERE `award_number` <> '' AND `type` = '4' AND `lottery_type` = 1 AND `add_time` <= 1528646399 ORDER BY id desc  [ RunTime:0.0002s ]
INFO: [ app_end ] --START--
INFO: Run Behavior\ShowPageTraceBehavior [ RunTime:0.001487s ]
INFO: [ app_end ] --END-- [ RunTime:0.001555s ]

[ 2018-06-10T20:10:28+08:00 ] 146.88.202.225 /index.php/api/Index/get_lottery_data?type=3
INFO: [ app_init ] --START--
INFO: Run Behavior\BuildLiteBehavior [ RunTime:0.000029s ]
INFO: [ app_init ] --END-- [ RunTime:0.003051s ]
INFO: [ app_begin ] --START--
INFO: Run Behavior\ReadHtmlCacheBehavior [ RunTime:0.001148s ]
INFO: [ app_begin ] --END-- [ RunTime:0.001294s ]
SQL: SHOW COLUMNS FROM `award_plan` [ RunTime:0.0112s ]
SQL: SELECT `award_number`,`period` FROM `award_plan` WHERE `award_number` <> '' AND `status` <> '' AND `type` = '3' AND `lottery_type` = 1 ORDER BY id desc LIMIT 1   [ RunTime:0.0019s ]
SQL: SELECT `serial_number`,`period`,`analysis_data` FROM `award_plan` WHERE `type` = '3' AND `lottery_type` = 1 ORDER BY id desc LIMIT 1   [ RunTime:0.0005s ]
SQL: SELECT * FROM `award_plan` WHERE `award_number` <> '' AND `type` = '3' AND `lottery_type` = 1 AND `add_time` <= 1528646399 ORDER BY id desc  [ RunTime:0.0003s ]
INFO: [ app_end ] --START--
INFO: Run Behavior\ShowPageTraceBehavior [ RunTime:0.002139s ]
INFO: [ app_end ] --END-- [ RunTime:0.002211s ]

[ 2018-06-10T20:10:29+08:00 ] 146.88.202.225 /index.php/api/Index/get_lottery_data?type=2
INFO: [ app_init ] --START--
INFO: Run Behavior\BuildLiteBehavior [ RunTime:0.000035s ]
INFO: [ app_init ] --END-- [ RunTime:0.000972s ]
INFO: [ app_begin ] --START--
INFO: Run Behavior\ReadHtmlCacheBehavior [ RunTime:0.007171s ]
INFO: [ app_begin ] --END-- [ RunTime:0.007306s ]
SQL: SHOW COLUMNS FROM `award_plan` [ RunTime:0.0062s ]
SQL: SELECT `award_number`,`period` FROM `award_plan` WHERE `award_number` <> '' AND `status` <> '' AND `type` = '2' AND `lottery_type` = 1 ORDER BY id desc LIMIT 1   [ RunTime:0.0014s ]
SQL: SELECT `serial_number`,`period`,`analysis_data` FROM `award_plan` WHERE `type` = '2' AND `lottery_type` = 1 ORDER BY id desc LIMIT 1   [ RunTime:0.0003s ]
SQL: SELECT * FROM `award_plan` WHERE `award_number` <> '' AND `type` = '2' AND `lottery_type` = 1 AND `add_time` <= 1528646399 ORDER BY id desc  [ RunTime:0.0019s ]
INFO: [ app_end ] --START--
INFO: Run Behavior\ShowPageTraceBehavior [ RunTime:0.001904s ]
INFO: [ app_end ] --END-- [ RunTime:0.002101s ]

[ 2018-06-10T20:10:30+08:00 ] 146.88.202.225 /index.php/api/Index/get_lottery_data?type=1
INFO: [ app_init ] --START--
INFO: Run Behavior\BuildLiteBehavior [ RunTime:0.000023s ]
INFO: [ app_init ] --END-- [ RunTime:0.005106s ]
INFO: [ app_begin ] --START--
INFO: Run Behavior\ReadHtmlCacheBehavior [ RunTime:0.001037s ]
INFO: [ app_begin ] --END-- [ RunTime:0.001133s ]
SQL: SHOW COLUMNS FROM `award_plan` [ RunTime:0.0022s ]
SQL: SELECT `award_number`,`period` FROM `award_plan` WHERE `award_number` <> '' AND `status` <> '' AND `type` = '1' AND `lottery_type` = 1 ORDER BY id desc LIMIT 1   [ RunTime:0.0003s ]
SQL: SELECT `serial_number`,`period`,`analysis_data` FROM `award_plan` WHERE `type` = '1' AND `lottery_type` = 1 ORDER BY id desc LIMIT 1   [ RunTime:0.0002s ]
SQL: SELECT * FROM `award_plan` WHERE `award_number` <> '' AND `type` = '1' AND `lottery_type` = 1 AND `add_time` <= 1528646399 ORDER BY id desc  [ RunTime:0.0005s ]
INFO: [ app_end ] --START--
INFO: Run Behavior\ShowPageTraceBehavior [ RunTime:0.001062s ]
INFO: [ app_end ] --END-- [ RunTime:0.001140s ]

[ 2018-06-10T20:10:32+08:00 ] 146.88.202.225 /index.php/api/Index/get_lottery_data?type=1
INFO: [ app_init ] --START--
INFO: Run Behavior\BuildLiteBehavior [ RunTime:0.000024s ]
INFO: [ app_init ] --END-- [ RunTime:0.000592s ]
INFO: [ app_begin ] --START--
INFO: Run Behavior\ReadHtmlCacheBehavior [ RunTime:0.000733s ]
INFO: [ app_begin ] --END-- [ RunTime:0.000836s ]
SQL: SHOW COLUMNS FROM `award_plan` [ RunTime:0.0014s ]
SQL: SELECT `award_number`,`period` FROM `award_plan` WHERE `award_number` <> '' AND `status` <> '' AND `type` = '1' AND `lottery_type` = 1 ORDER BY id desc LIMIT 1   [ RunTime:0.0003s ]
SQL: SELECT `serial_number`,`period`,`analysis_data` FROM `award_plan` WHERE `type` = '1' AND `lottery_type` = 1 ORDER BY id desc LIMIT 1   [ RunTime:0.0002s ]
SQL: SELECT * FROM `award_plan` WHERE `award_number` <> '' AND `type` = '1' AND `lottery_type` = 1 AND `add_time` <= 1528646399 ORDER BY id desc  [ RunTime:0.0010s ]
INFO: [ app_end ] --START--
INFO: Run Behavior\ShowPageTraceBehavior [ RunTime:0.000944s ]
INFO: [ app_end ] --END-- [ RunTime:0.001013s ]

[ 2018-06-10T20:10:34+08:00 ] 146.88.202.225 /index.php/api/Index/get_lottery_data?type=1
INFO: [ app_init ] --START--
INFO: Run Behavior\BuildLiteBehavior [ RunTime:0.000073s ]
INFO: [ app_init ] --END-- [ RunTime:0.001335s ]
INFO: [ app_begin ] --START--
INFO: Run Behavior\ReadHtmlCacheBehavior [ RunTime:0.000802s ]
INFO: [ app_begin ] --END-- [ RunTime:0.000900s ]
SQL: SHOW COLUMNS FROM `award_plan` [ RunTime:0.0014s ]
SQL: SELECT `award_number`,`period` FROM `award_plan` WHERE `award_number` <> '' AND `status` <> '' AND `type` = '1' AND `lottery_type` = 1 ORDER BY id desc LIMIT 1   [ RunTime:0.0002s ]
SQL: SELECT `serial_number`,`period`,`analysis_data` FROM `award_plan` WHERE `type` = '1' AND `lottery_type` = 1 ORDER BY id desc LIMIT 1   [ RunTime:0.0002s ]
SQL: SELECT * FROM `award_plan` WHERE `award_number` <> '' AND `type` = '1' AND `lottery_type` = 1 AND `add_time` <= 1528646399 ORDER BY id desc  [ RunTime:0.0007s ]
INFO: [ app_end ] --START--
INFO: Run Behavior\ShowPageTraceBehavior [ RunTime:0.011827s ]
INFO: [ app_end ] --END-- [ RunTime:0.012024s ]

[ 2018-06-10T20:10:36+08:00 ] 146.88.202.225 /index.php/api/Index/get_lottery_data?type=1
INFO: [ app_init ] --START--
INFO: Run Behavior\BuildLiteBehavior [ RunTime:0.000027s ]
INFO: [ app_init ] --END-- [ RunTime:0.001451s ]
INFO: [ app_begin ] --START--
INFO: Run Behavior\ReadHtmlCacheBehavior [ RunTime:0.001796s ]
INFO: [ app_begin ] --END-- [ RunTime:0.002018s ]
SQL: SHOW COLUMNS FROM `award_plan` [ RunTime:0.0014s ]
SQL: SELECT `award_number`,`period` FROM `award_plan` WHERE `award_number` <> '' AND `status` <> '' AND `type` = '1' AND `lottery_type` = 1 ORDER BY id desc LIMIT 1   [ RunTime:0.0003s ]
SQL: SELECT `serial_number`,`period`,`analysis_data` FROM `award_plan` WHERE `type` = '1' AND `lottery_type` = 1 ORDER BY id desc LIMIT 1   [ RunTime:0.0005s ]
SQL: SELECT * FROM `award_plan` WHERE `award_number` <> '' AND `type` = '1' AND `lottery_type` = 1 AND `add_time` <= 1528646399 ORDER BY id desc  [ RunTime:0.0012s ]
INFO: [ app_end ] --START--
INFO: Run Behavior\ShowPageTraceBehavior [ RunTime:0.000970s ]
INFO: [ app_end ] --END-- [ RunTime:0.002005s ]

[ 2018-06-10T20:10:38+08:00 ] 146.88.202.225 /index.php/api/Index/get_lottery_data?type=1
INFO: [ app_init ] --START--
INFO: Run Behavior\BuildLiteBehavior [ RunTime:0.000028s ]
INFO: [ app_init ] --END-- [ RunTime:0.000527s ]
INFO: [ app_begin ] --START--
INFO: Run Behavior\ReadHtmlCacheBehavior [ RunTime:0.000871s ]
INFO: [ app_begin ] --END-- [ RunTime:0.001107s ]
SQL: SHOW COLUMNS FROM `award_plan` [ RunTime:0.0181s ]
SQL: SELECT `award_number`,`period` FROM `award_plan` WHERE `award_number` <> '' AND `status` <> '' AND `type` = '1' AND `lottery_type` = 1 ORDER BY id desc LIMIT 1   [ RunTime:0.0004s ]
SQL: SELECT `serial_number`,`period`,`analysis_data` FROM `award_plan` WHERE `type` = '1' AND `lottery_type` = 1 ORDER BY id desc LIMIT 1   [ RunTime:0.0003s ]
SQL: SELECT * FROM `award_plan` WHERE `award_number` <> '' AND `type` = '1' AND `lottery_type` = 1 AND `add_time` <= 1528646399 ORDER BY id desc  [ RunTime:0.0098s ]
INFO: [ app_end ] --START--
INFO: Run Behavior\ShowPageTraceBehavior [ RunTime:0.008762s ]
INFO: [ app_end ] --END-- [ RunTime:0.008901s ]

[ 2018-06-10T20:10:40+08:00 ] 146.88.202.225 /index.php/api/Index/get_lottery_data?type=1
INFO: [ app_init ] --START--
INFO: Run Behavior\BuildLiteBehavior [ RunTime:0.000026s ]
INFO: [ app_init ] --END-- [ RunTime:0.000891s ]
INFO: [ app_begin ] --START--
INFO: Run Behavior\ReadHtmlCacheBehavior [ RunTime:0.002166s ]
INFO: [ app_begin ] --END-- [ RunTime:0.002389s ]
SQL: SHOW COLUMNS FROM `award_plan` [ RunTime:0.0012s ]
SQL: SELECT `award_number`,`period` FROM `award_plan` WHERE `award_number` <> '' AND `status` <> '' AND `type` = '1' AND `lottery_type` = 1 ORDER BY id desc LIMIT 1   [ RunTime:0.0013s ]
SQL: SELECT `serial_number`,`period`,`analysis_data` FROM `award_plan` WHERE `type` = '1' AND `lottery_type` = 1 ORDER BY id desc LIMIT 1   [ RunTime:0.0004s ]
SQL: SELECT * FROM `award_plan` WHERE `award_number` <> '' AND `type` = '1' AND `lottery_type` = 1 AND `add_time` <= 1528646399 ORDER BY id desc  [ RunTime:0.0025s ]
INFO: [ app_end ] --START--
INFO: Run Behavior\ShowPageTraceBehavior [ RunTime:0.001173s ]
INFO: [ app_end ] --END-- [ RunTime:0.001257s ]

[ 2018-06-10T20:10:42+08:00 ] 146.88.202.225 /index.php/api/Index/get_lottery_data?type=1
INFO: [ app_init ] --START--
INFO: Run Behavior\BuildLiteBehavior [ RunTime:0.000031s ]
INFO: [ app_init ] --END-- [ RunTime:0.001326s ]
INFO: [ app_begin ] --START--
INFO: Run Behavior\ReadHtmlCacheBehavior [ RunTime:0.001037s ]
INFO: [ app_begin ] --END-- [ RunTime:0.001155s ]
SQL: SHOW COLUMNS FROM `award_plan` [ RunTime:0.0019s ]
SQL: SELECT `award_number`,`period` FROM `award_plan` WHERE `award_number` <> '' AND `status` <> '' AND `type` = '1' AND `lottery_type` = 1 ORDER BY id desc LIMIT 1   [ RunTime:0.0006s ]
SQL: SELECT `serial_number`,`period`,`analysis_data` FROM `award_plan` WHERE `type` = '1' AND `lottery_type` = 1 ORDER BY id desc LIMIT 1   [ RunTime:0.0014s ]
SQL: SELECT * FROM `award_plan` WHERE `award_number` <> '' AND `type` = '1' AND `lottery_type` = 1 AND `add_time` <= 1528646399 ORDER BY id desc  [ RunTime:0.0020s ]
INFO: [ app_end ] --START--
INFO: Run Behavior\ShowPageTraceBehavior [ RunTime:0.001119s ]
INFO: [ app_end ] --END-- [ RunTime:0.001189s ]

[ 2018-06-10T20:10:44+08:00 ] 146.88.202.225 /index.php/api/Index/get_lottery_data?type=1
INFO: [ app_init ] --START--
INFO: Run Behavior\BuildLiteBehavior [ RunTime:0.000025s ]
INFO: [ app_init ] --END-- [ RunTime:0.000588s ]
INFO: [ app_begin ] --START--
INFO: Run Behavior\ReadHtmlCacheBehavior [ RunTime:0.011597s ]
INFO: [ app_begin ] --END-- [ RunTime:0.012093s ]
SQL: SHOW COLUMNS FROM `award_plan` [ RunTime:0.0049s ]
SQL: SELECT `award_number`,`period` FROM `award_plan` WHERE `award_number` <> '' AND `status` <> '' AND `type` = '1' AND `lottery_type` = 1 ORDER BY id desc LIMIT 1   [ RunTime:0.0027s ]
SQL: SELECT `serial_number`,`period`,`analysis_data` FROM `award_plan` WHERE `type` = '1' AND `lottery_type` = 1 ORDER BY id desc LIMIT 1   [ RunTime:0.0006s ]
SQL: SELECT * FROM `award_plan` WHERE `award_number` <> '' AND `type` = '1' AND `lottery_type` = 1 AND `add_time` <= 1528646399 ORDER BY id desc  [ RunTime:0.0016s ]
INFO: [ app_end ] --START--
INFO: Run Behavior\ShowPageTraceBehavior [ RunTime:0.000919s ]
INFO: [ app_end ] --END-- [ RunTime:0.000995s ]

[ 2018-06-10T20:23:41+08:00 ] 146.88.202.225 /index.php/api/Index/get_lottery_data?type=1
INFO: [ app_init ] --START--
INFO: Run Behavior\BuildLiteBehavior [ RunTime:0.000085s ]
INFO: [ app_init ] --END-- [ RunTime:0.000703s ]
INFO: [ app_begin ] --START--
INFO: Run Behavior\ReadHtmlCacheBehavior [ RunTime:0.001055s ]
INFO: [ app_begin ] --END-- [ RunTime:0.001152s ]
SQL: SHOW COLUMNS FROM `award_plan` [ RunTime:0.0133s ]
SQL: SELECT `award_number`,`period` FROM `award_plan` WHERE `award_number` <> '' AND `status` <> '' AND `type` = '1' AND `lottery_type` = 1 ORDER BY id desc LIMIT 1   [ RunTime:0.0037s ]
SQL: SELECT `serial_number`,`period`,`analysis_data` FROM `award_plan` WHERE `type` = '1' AND `lottery_type` = 1 ORDER BY id desc LIMIT 1   [ RunTime:0.0002s ]
SQL: SELECT * FROM `award_plan` WHERE `award_number` <> '' AND `type` = '1' AND `lottery_type` = 1 AND `add_time` <= 1528646399 ORDER BY id desc  [ RunTime:0.0015s ]
INFO: [ app_end ] --START--
INFO: Run Behavior\ShowPageTraceBehavior [ RunTime:0.001364s ]
INFO: [ app_end ] --END-- [ RunTime:0.001552s ]

