[ 2018-06-16T13:24:52+08:00 ] 127.0.0.1 /cron/index/get_lottery_data?type=4
INFO: [ app_init ] --START--
INFO: Run Behavior\BuildLiteBehavior [ RunTime:0.000000s ]
INFO: [ app_init ] --END-- [ RunTime:0.000000s ]
INFO: [ app_begin ] --START--
INFO: Run Behavior\ReadHtmlCacheBehavior [ RunTime:0.000000s ]
INFO: [ app_begin ] --END-- [ RunTime:0.000000s ]

[ 2018-06-16T13:25:08+08:00 ] 127.0.0.1 /cron/index/get_lottery_data?type=4
INFO: [ app_init ] --START--
INFO: Run Behavior\BuildLiteBehavior [ RunTime:0.000000s ]
INFO: [ app_init ] --END-- [ RunTime:0.000000s ]
INFO: [ app_begin ] --START--
INFO: Run Behavior\ReadHtmlCacheBehavior [ RunTime:0.001000s ]
INFO: [ app_begin ] --END-- [ RunTime:0.001000s ]
SQL: SHOW COLUMNS FROM `award_plans` [ RunTime:0.0080s ]
SQL: SELECT * FROM `award_plans` WHERE `lottery_type` = 1 AND `type` = 4 ORDER BY id  desc LIMIT 1   [ RunTime:0.0000s ]

[ 2018-06-16T13:25:30+08:00 ] 127.0.0.1 /cron/index/get_lottery_data?type=4
INFO: [ app_init ] --START--
INFO: Run Behavior\BuildLiteBehavior [ RunTime:0.000000s ]
INFO: [ app_init ] --END-- [ RunTime:0.001000s ]
INFO: [ app_begin ] --START--
INFO: Run Behavior\ReadHtmlCacheBehavior [ RunTime:0.000000s ]
INFO: [ app_begin ] --END-- [ RunTime:0.000000s ]
SQL: SHOW COLUMNS FROM `award_plans` [ RunTime:0.0080s ]
SQL: SELECT * FROM `award_plans` WHERE `lottery_type` = 1 AND `type` = 4 ORDER BY id  desc LIMIT 1   [ RunTime:0.0010s ]

[ 2018-06-16T13:25:55+08:00 ] 127.0.0.1 /cron/index/get_lottery_data?type=4
INFO: [ app_init ] --START--
INFO: Run Behavior\BuildLiteBehavior [ RunTime:0.000000s ]
INFO: [ app_init ] --END-- [ RunTime:0.001000s ]
INFO: [ app_begin ] --START--
INFO: Run Behavior\ReadHtmlCacheBehavior [ RunTime:0.001000s ]
INFO: [ app_begin ] --END-- [ RunTime:0.001000s ]
SQL: SHOW COLUMNS FROM `award_plans` [ RunTime:0.0080s ]
SQL: SELECT * FROM `award_plans` WHERE `lottery_type` = 1 AND `type` = 4 ORDER BY id  desc LIMIT 1   [ RunTime:0.0000s ]

[ 2018-06-16T13:28:10+08:00 ] 127.0.0.1 /cron/index/get_lottery_data?type=4
INFO: [ app_init ] --START--
INFO: Run Behavior\BuildLiteBehavior [ RunTime:0.000000s ]
INFO: [ app_init ] --END-- [ RunTime:0.001000s ]
INFO: [ app_begin ] --START--
INFO: Run Behavior\ReadHtmlCacheBehavior [ RunTime:0.003000s ]
INFO: [ app_begin ] --END-- [ RunTime:0.003000s ]

[ 2018-06-16T13:28:10+08:00 ] 127.0.0.1 /cron/index/get_lottery_data?type=4
INFO: [ app_init ] --START--
INFO: Run Behavior\BuildLiteBehavior [ RunTime:0.000000s ]
INFO: [ app_init ] --END-- [ RunTime:0.001000s ]
INFO: [ app_begin ] --START--
INFO: Run Behavior\ReadHtmlCacheBehavior [ RunTime:0.001000s ]
INFO: [ app_begin ] --END-- [ RunTime:0.001000s ]

[ 2018-06-16T13:28:10+08:00 ] 127.0.0.1 /cron/index/get_lottery_data?type=4
INFO: [ app_init ] --START--
INFO: Run Behavior\BuildLiteBehavior [ RunTime:0.000000s ]
INFO: [ app_init ] --END-- [ RunTime:0.000000s ]
INFO: [ app_begin ] --START--
INFO: Run Behavior\ReadHtmlCacheBehavior [ RunTime:0.001000s ]
INFO: [ app_begin ] --END-- [ RunTime:0.001000s ]

[ 2018-06-16T13:28:10+08:00 ] 127.0.0.1 /cron/index/get_lottery_data?type=4
INFO: [ app_init ] --START--
INFO: Run Behavior\BuildLiteBehavior [ RunTime:0.000000s ]
INFO: [ app_init ] --END-- [ RunTime:0.001000s ]
INFO: [ app_begin ] --START--
INFO: Run Behavior\ReadHtmlCacheBehavior [ RunTime:0.000000s ]
INFO: [ app_begin ] --END-- [ RunTime:0.000000s ]

[ 2018-06-16T13:30:47+08:00 ] 127.0.0.1 /cron/index/get_lottery_data?type=4
INFO: [ app_init ] --START--
INFO: Run Behavior\BuildLiteBehavior [ RunTime:0.000000s ]
INFO: [ app_init ] --END-- [ RunTime:0.001000s ]
INFO: [ app_begin ] --START--
INFO: Run Behavior\ReadHtmlCacheBehavior [ RunTime:0.000000s ]
INFO: [ app_begin ] --END-- [ RunTime:0.000000s ]
SQL: SHOW COLUMNS FROM `award_plans` [ RunTime:0.0100s ]
SQL: SELECT * FROM `award_plans` WHERE `lottery_type` = 1 AND `type` = 4 ORDER BY id  desc LIMIT 1   [ RunTime:0.0000s ]

[ 2018-06-16T13:31:22+08:00 ] 127.0.0.1 /cron/index/get_lottery_data?type=4
INFO: [ app_init ] --START--
INFO: Run Behavior\BuildLiteBehavior [ RunTime:0.000000s ]
INFO: [ app_init ] --END-- [ RunTime:0.001000s ]
INFO: [ app_begin ] --START--
INFO: Run Behavior\ReadHtmlCacheBehavior [ RunTime:0.001000s ]
INFO: [ app_begin ] --END-- [ RunTime:0.001000s ]
SQL: SHOW COLUMNS FROM `award_plans` [ RunTime:0.0090s ]
SQL: SELECT * FROM `award_plans` WHERE `lottery_type` = 1 AND `type` = 4 ORDER BY id  desc LIMIT 1   [ RunTime:0.0010s ]

[ 2018-06-16T13:49:19+08:00 ] 127.0.0.1 /cron/index/get_lottery_data?type=4
INFO: [ app_init ] --START--
INFO: Run Behavior\BuildLiteBehavior [ RunTime:0.000000s ]
INFO: [ app_init ] --END-- [ RunTime:0.001000s ]
INFO: [ app_begin ] --START--
INFO: Run Behavior\ReadHtmlCacheBehavior [ RunTime:0.001000s ]
INFO: [ app_begin ] --END-- [ RunTime:0.001000s ]
SQL: SHOW COLUMNS FROM `award_plans` [ RunTime:0.0070s ]
SQL: SELECT * FROM `award_plans` WHERE `lottery_type` = 1 AND `type` = 4 ORDER BY id  desc LIMIT 1   [ RunTime:0.0000s ]

[ 2018-06-16T13:49:50+08:00 ] 127.0.0.1 /cron/index/get_lottery_data?type=4
INFO: [ app_init ] --START--
INFO: Run Behavior\BuildLiteBehavior [ RunTime:0.000000s ]
INFO: [ app_init ] --END-- [ RunTime:0.001000s ]
INFO: [ app_begin ] --START--
INFO: Run Behavior\ReadHtmlCacheBehavior [ RunTime:0.001000s ]
INFO: [ app_begin ] --END-- [ RunTime:0.001000s ]
SQL: SHOW COLUMNS FROM `award_plans` [ RunTime:0.0080s ]
SQL: SELECT * FROM `award_plans` WHERE `lottery_type` = 1 AND `type` = 4 ORDER BY id  desc LIMIT 1   [ RunTime:0.0000s ]

[ 2018-06-16T13:50:30+08:00 ] 127.0.0.1 /cron/index/get_lottery_data?type=4
INFO: [ app_init ] --START--
INFO: Run Behavior\BuildLiteBehavior [ RunTime:0.000000s ]
INFO: [ app_init ] --END-- [ RunTime:0.000000s ]
INFO: [ app_begin ] --START--
INFO: Run Behavior\ReadHtmlCacheBehavior [ RunTime:0.001000s ]
INFO: [ app_begin ] --END-- [ RunTime:0.001000s ]
SQL: SHOW COLUMNS FROM `award_plans` [ RunTime:0.0080s ]
SQL: SELECT * FROM `award_plans` WHERE `lottery_type` = 1 AND `type` = 4 ORDER BY id  desc LIMIT 1   [ RunTime:0.0000s ]

[ 2018-06-16T13:51:32+08:00 ] 127.0.0.1 /cron/index/get_lottery_data?type=4
INFO: [ app_init ] --START--
INFO: Run Behavior\BuildLiteBehavior [ RunTime:0.000000s ]
INFO: [ app_init ] --END-- [ RunTime:0.000000s ]
INFO: [ app_begin ] --START--
INFO: Run Behavior\ReadHtmlCacheBehavior [ RunTime:0.001000s ]
INFO: [ app_begin ] --END-- [ RunTime:0.001000s ]
SQL: SHOW COLUMNS FROM `award_plans` [ RunTime:0.0070s ]
SQL: SELECT * FROM `award_plans` WHERE `lottery_type` = 1 AND `type` = 4 ORDER BY id  desc LIMIT 1   [ RunTime:0.0000s ]

[ 2018-06-16T13:51:42+08:00 ] 127.0.0.1 /cron/index/get_lottery_data?type=4
INFO: [ app_init ] --START--
INFO: Run Behavior\BuildLiteBehavior [ RunTime:0.000000s ]
INFO: [ app_init ] --END-- [ RunTime:0.000000s ]
INFO: [ app_begin ] --START--
INFO: Run Behavior\ReadHtmlCacheBehavior [ RunTime:0.001000s ]
INFO: [ app_begin ] --END-- [ RunTime:0.001000s ]
SQL: SHOW COLUMNS FROM `award_plans` [ RunTime:0.0080s ]
SQL: SELECT * FROM `award_plans` WHERE `lottery_type` = 1 AND `type` = 4 ORDER BY id  desc LIMIT 1   [ RunTime:0.0000s ]

[ 2018-06-16T13:51:49+08:00 ] 127.0.0.1 /cron/index/get_lottery_data?type=4
INFO: [ app_init ] --START--
INFO: Run Behavior\BuildLiteBehavior [ RunTime:0.000000s ]
INFO: [ app_init ] --END-- [ RunTime:0.001000s ]
INFO: [ app_begin ] --START--
INFO: Run Behavior\ReadHtmlCacheBehavior [ RunTime:0.001000s ]
INFO: [ app_begin ] --END-- [ RunTime:0.001000s ]
SQL: SHOW COLUMNS FROM `award_plans` [ RunTime:0.0080s ]
SQL: SELECT * FROM `award_plans` WHERE `lottery_type` = 1 AND `type` = 4 ORDER BY id  desc LIMIT 1   [ RunTime:0.0010s ]

[ 2018-06-16T13:52:03+08:00 ] 127.0.0.1 /cron/index/get_lottery_data?type=4
INFO: [ app_init ] --START--
INFO: Run Behavior\BuildLiteBehavior [ RunTime:0.000000s ]
INFO: [ app_init ] --END-- [ RunTime:0.001000s ]
INFO: [ app_begin ] --START--
INFO: Run Behavior\ReadHtmlCacheBehavior [ RunTime:0.001000s ]
INFO: [ app_begin ] --END-- [ RunTime:0.001000s ]
SQL: SHOW COLUMNS FROM `award_plans` [ RunTime:0.0070s ]
SQL: SELECT * FROM `award_plans` WHERE `lottery_type` = 1 AND `type` = 4 ORDER BY id  desc LIMIT 1   [ RunTime:0.0010s ]

[ 2018-06-16T13:52:05+08:00 ] 127.0.0.1 /cron/index/get_lottery_data?type=4
INFO: [ app_init ] --START--
INFO: Run Behavior\BuildLiteBehavior [ RunTime:0.000000s ]
INFO: [ app_init ] --END-- [ RunTime:0.001000s ]
INFO: [ app_begin ] --START--
INFO: Run Behavior\ReadHtmlCacheBehavior [ RunTime:0.001000s ]
INFO: [ app_begin ] --END-- [ RunTime:0.001000s ]
SQL: SHOW COLUMNS FROM `award_plans` [ RunTime:0.0070s ]
SQL: SELECT * FROM `award_plans` WHERE `lottery_type` = 1 AND `type` = 4 ORDER BY id  desc LIMIT 1   [ RunTime:0.0000s ]

[ 2018-06-16T13:52:07+08:00 ] 127.0.0.1 /cron/index/get_lottery_data?type=4
INFO: [ app_init ] --START--
INFO: Run Behavior\BuildLiteBehavior [ RunTime:0.000000s ]
INFO: [ app_init ] --END-- [ RunTime:0.001000s ]
INFO: [ app_begin ] --START--
INFO: Run Behavior\ReadHtmlCacheBehavior [ RunTime:0.001000s ]
INFO: [ app_begin ] --END-- [ RunTime:0.001000s ]
SQL: SHOW COLUMNS FROM `award_plans` [ RunTime:0.0080s ]
SQL: SELECT * FROM `award_plans` WHERE `lottery_type` = 1 AND `type` = 4 ORDER BY id  desc LIMIT 1   [ RunTime:0.0000s ]

[ 2018-06-16T13:53:10+08:00 ] 127.0.0.1 /cron/index/get_lottery_data?type=4
INFO: [ app_init ] --START--
INFO: Run Behavior\BuildLiteBehavior [ RunTime:0.000000s ]
INFO: [ app_init ] --END-- [ RunTime:0.000000s ]
INFO: [ app_begin ] --START--
INFO: Run Behavior\ReadHtmlCacheBehavior [ RunTime:0.001000s ]
INFO: [ app_begin ] --END-- [ RunTime:0.001000s ]
SQL: SHOW COLUMNS FROM `award_plans` [ RunTime:0.0070s ]
SQL: SELECT * FROM `award_plans` WHERE `lottery_type` = 1 AND `type` = 4 ORDER BY id  desc LIMIT 1   [ RunTime:0.0000s ]

[ 2018-06-16T13:53:24+08:00 ] 127.0.0.1 /cron/index/get_lottery_data?type=4
INFO: [ app_init ] --START--
INFO: Run Behavior\BuildLiteBehavior [ RunTime:0.000000s ]
INFO: [ app_init ] --END-- [ RunTime:0.000000s ]
INFO: [ app_begin ] --START--
INFO: Run Behavior\ReadHtmlCacheBehavior [ RunTime:0.000000s ]
INFO: [ app_begin ] --END-- [ RunTime:0.000000s ]
SQL: SHOW COLUMNS FROM `award_plans` [ RunTime:0.0090s ]
SQL: SELECT * FROM `award_plans` WHERE `lottery_type` = 1 AND `type` = 4 ORDER BY id  desc LIMIT 1   [ RunTime:0.0000s ]

[ 2018-06-16T13:53:37+08:00 ] 127.0.0.1 /cron/index/get_lottery_data?type=4
INFO: [ app_init ] --START--
INFO: Run Behavior\BuildLiteBehavior [ RunTime:0.000000s ]
INFO: [ app_init ] --END-- [ RunTime:0.001000s ]
INFO: [ app_begin ] --START--
INFO: Run Behavior\ReadHtmlCacheBehavior [ RunTime:0.000000s ]
INFO: [ app_begin ] --END-- [ RunTime:0.001000s ]
SQL: SHOW COLUMNS FROM `award_plans` [ RunTime:0.0090s ]
SQL: SELECT * FROM `award_plans` WHERE `lottery_type` = 1 AND `type` = 4 ORDER BY id  desc LIMIT 1   [ RunTime:0.0000s ]

[ 2018-06-16T13:53:41+08:00 ] 127.0.0.1 /cron/index/get_lottery_data?type=4
INFO: [ app_init ] --START--
INFO: Run Behavior\BuildLiteBehavior [ RunTime:0.000000s ]
INFO: [ app_init ] --END-- [ RunTime:0.000000s ]
INFO: [ app_begin ] --START--
INFO: Run Behavior\ReadHtmlCacheBehavior [ RunTime:0.000000s ]
INFO: [ app_begin ] --END-- [ RunTime:0.000000s ]
SQL: SHOW COLUMNS FROM `award_plans` [ RunTime:0.0090s ]
SQL: SELECT * FROM `award_plans` WHERE `lottery_type` = 1 AND `type` = 4 ORDER BY id  desc LIMIT 1   [ RunTime:0.0000s ]

[ 2018-06-16T13:54:13+08:00 ] 127.0.0.1 /cron/index/get_lottery_data?type=4
INFO: [ app_init ] --START--
INFO: Run Behavior\BuildLiteBehavior [ RunTime:0.000000s ]
INFO: [ app_init ] --END-- [ RunTime:0.000000s ]
INFO: [ app_begin ] --START--
INFO: Run Behavior\ReadHtmlCacheBehavior [ RunTime:0.000000s ]
INFO: [ app_begin ] --END-- [ RunTime:0.000000s ]
SQL: SHOW COLUMNS FROM `award_plans` [ RunTime:0.0080s ]
SQL: SELECT * FROM `award_plans` WHERE `lottery_type` = 1 AND `type` = 4 ORDER BY id  desc LIMIT 1   [ RunTime:0.0000s ]

